WARNING - 2023-07-04 18:16:16,866 - search: relation "queue" does not exist
LINE 1: INSERT INTO queue (tg, sex, op_sex) VALUES('886971306', 'mal...
                    ^
 (584)
WARNING - 2023-07-04 18:16:18,440 - search: relation "queue" does not exist
LINE 1: INSERT INTO queue (tg, sex, op_sex) VALUES('886971306', 'mal...
                    ^
 (584)
WARNING - 2023-07-04 18:16:23,168 - search_man: relation "queue" does not exist
LINE 1: INSERT INTO queue (tg, sex, op_sex) VALUES('886971306', 'mal...
                    ^
 (680)
WARNING - 2023-07-04 18:16:24,092 - search: relation "queue" does not exist
LINE 1: INSERT INTO queue (tg, sex, op_sex) VALUES('886971306', 'mal...
                    ^
 (584)
WARNING - 2023-07-04 18:16:46,320 - search: relation "queue" does not exist
LINE 1: INSERT INTO queue (tg, sex, op_sex) VALUES('5442449093', 'ma...
                    ^
 (584)
WARNING - 2023-07-04 18:19:37,947 - search: relation "queue" does not exist
LINE 1: INSERT INTO queue (tg, sex, op_sex) VALUES('886971306', 'mal...
                    ^
 (584)
WARNING - 2023-07-04 18:19:41,170 - search: relation "queue" does not exist
LINE 1: INSERT INTO queue (tg, sex, op_sex) VALUES('5442449093', 'ma...
                    ^
 (584)
WARNING - 2023-07-04 18:25:44,536 - search: relation "queue" does not exist
LINE 1: INSERT INTO queue (tg, sex, op_sex) VALUES('5442449093', 'ma...
                    ^
 (584)
WARNING - 2023-07-04 18:51:42,391 - chatting_text: Chat not found (789)
WARNING - 2023-07-04 18:51:44,986 - chatting_text: Chat not found (789)
WARNING - 2023-07-04 18:52:18,454 - chatting_text: Chat not found (789)
WARNING - 2023-07-04 18:52:19,387 - chatting_text: Chat not found (789)
WARNING - 2023-07-04 18:52:35,156 - chatting_text: Chat not found (789)
WARNING - 2023-07-04 18:52:46,462 - chatting_text: Chat not found (789)
WARNING - 2023-07-04 19:11:08,326 - chatting_text: Chat not found (789)
WARNING - 2023-07-04 19:15:36,348 - stop: 'Message' object has no attribute 'chat_id' (776)
WARNING - 2023-07-04 19:16:10,989 - chatting_text: Chat not found (791)
WARNING - 2023-07-04 19:16:12,730 - chatting_text: Chat not found (791)
WARNING - 2023-07-04 19:16:13,332 - chatting_text: Chat not found (791)
WARNING - 2023-07-04 20:11:57,757 - search_woman: 'NoneType' object is not subscriptable (738)
WARNING - 2023-07-06 08:22:21,300 - search_man: 'NoneType' object is not subscriptable (679)
WARNING - 2023-07-07 12:38:43,157 - stop: Chat not found (775)
WARNING - 2023-07-07 12:38:49,194 - stop: Chat not found (775)
WARNING - 2023-07-07 12:38:55,811 - chatting_text: Chat not found (790)
WARNING - 2023-07-07 12:38:56,781 - chatting_text: Chat not found (790)
WARNING - 2023-07-07 18:00:44,794 - chatting_text: Chat not found (790)
WARNING - 2023-07-07 18:00:50,009 - stop: Chat not found (775)
WARNING - 2023-07-07 18:00:59,557 - stop: Chat not found (775)
WARNING - 2023-07-07 23:28:34,802 - chatting_text: Chat not found (790)
WARNING - 2023-07-07 23:28:55,120 - chatting_text: Chat not found (790)
WARNING - 2023-07-07 23:28:57,553 - chatting_text: Chat not found (790)
WARNING - 2023-07-08 20:57:34,184 - chatting_text: Chat not found (790)
WARNING - 2023-07-08 20:57:36,502 - chatting_text: Chat not found (790)
WARNING - 2023-07-09 13:21:23,044 - buy_day: [5] IP-Адрес 45.67.58.20 не добавлен в список разрешенных IP
 (466)
WARNING - 2023-07-10 17:22:58,668 - search_woman: 'NoneType' object is not subscriptable (738)
WARNING - 2023-07-10 17:23:17,832 - chatting_text: value too long for type character varying(15)
 (790)
WARNING - 2023-07-13 15:02:34,932 - search_woman: 'NoneType' object is not subscriptable (729)
WARNING - 2023-07-13 15:04:33,099 - search_woman: 'NoneType' object is not subscriptable (729)
WARNING - 2023-07-13 16:12:37,393 - search_woman: 'NoneType' object is not subscriptable (729)
WARNING - 2023-07-23 07:25:10,891 - chatting_text: Chat not found (781)
WARNING - 2023-08-01 01:15:56,536 - start: server closed the connection unexpectedly
	This probably means the server terminated abnormally
	before or while processing the request.
 (61)
WARNING - 2023-08-01 01:16:41,421 - end: cursor already closed (889)
WARNING - 2023-08-01 01:16:43,566 - start: cursor already closed (61)
WARNING - 2023-08-01 01:17:20,727 - start: cursor already closed (61)
WARNING - 2023-08-01 01:17:23,741 - start: cursor already closed (61)
WARNING - 2023-08-01 02:28:08,682 - chatting_text: Chat not found (781)
WARNING - 2023-08-01 02:28:10,216 - chatting_text: Chat not found (781)
WARNING - 2023-08-01 02:28:16,357 - link: Chat not found (743)
WARNING - 2023-08-03 22:59:54,864 - search_man: 'NoneType' object is not subscriptable (670)
WARNING - 2023-08-04 00:22:57,821 - stop: Forbidden: bot was blocked by the user (766)
WARNING - 2023-08-04 16:52:14,237 - search_woman: 'NoneType' object is not subscriptable (729)
WARNING - 2023-08-04 16:52:15,178 - search: Forbidden: bot was blocked by the user (574)
WARNING - 2023-08-04 16:52:15,432 - search: Forbidden: bot was blocked by the user (574)
WARNING - 2023-08-04 16:52:32,415 - search_woman: 'NoneType' object is not subscriptable (729)
WARNING - 2023-08-04 16:52:54,008 - search_man: 'NoneType' object is not subscriptable (670)
WARNING - 2023-08-04 22:23:29,784 - search_woman: 'NoneType' object is not subscriptable (729)
WARNING - 2023-08-04 22:23:30,563 - search: Forbidden: bot was blocked by the user (574)
WARNING - 2023-08-04 22:23:31,051 - search: Forbidden: bot was blocked by the user (574)
WARNING - 2023-08-05 15:10:16,489 - chatting_text: value too long for type character varying(15)
 (781)
WARNING - 2023-08-05 23:07:11,519 - search_woman: 'NoneType' object is not subscriptable (729)
WARNING - 2023-08-05 23:07:12,915 - search: Forbidden: bot was blocked by the user (574)
WARNING - 2023-08-05 23:07:13,111 - search: Forbidden: bot was blocked by the user (574)
WARNING - 2023-08-06 04:46:40,307 - search_woman: 'NoneType' object is not subscriptable (729)
WARNING - 2023-08-06 14:04:43,261 - search_woman: 'NoneType' object is not subscriptable (729)
WARNING - 2023-08-06 17:26:45,152 - search_woman: 'NoneType' object is not subscriptable (729)
WARNING - 2023-08-06 17:27:26,792 - search_woman: 'NoneType' object is not subscriptable (729)
WARNING - 2023-08-06 17:27:48,420 - search_woman: 'NoneType' object is not subscriptable (729)
WARNING - 2023-08-07 08:42:05,013 - search_woman: 'NoneType' object is not subscriptable (729)
WARNING - 2023-08-07 08:43:17,758 - search_woman: 'NoneType' object is not subscriptable (729)
WARNING - 2023-08-07 14:34:33,999 - search_woman: 'NoneType' object is not subscriptable (729)
WARNING - 2023-08-07 14:34:35,397 - search: Forbidden: bot was blocked by the user (574)
WARNING - 2023-08-07 14:35:28,023 - search_woman: 'NoneType' object is not subscriptable (729)
WARNING - 2023-08-07 22:58:27,857 - stop: Forbidden: bot was blocked by the user (766)
WARNING - 2023-08-08 00:49:42,701 - search_woman: 'NoneType' object is not subscriptable (729)
WARNING - 2023-08-08 11:07:50,095 - search_woman: 'NoneType' object is not subscriptable (729)
WARNING - 2023-08-08 11:08:39,133 - stop: Forbidden: bot was blocked by the user (766)
WARNING - 2023-08-08 16:29:44,822 - search: Message is not modified: specified new message content and reply markup are exactly the same as a current content and reply markup of the message (574)
WARNING - 2023-08-08 16:29:44,889 - search_man: 'NoneType' object is not subscriptable (670)
WARNING - 2023-08-08 16:29:45,765 - search: Forbidden: bot was blocked by the user (574)
WARNING - 2023-08-08 16:30:50,073 - search_man: 'NoneType' object is not subscriptable (670)
WARNING - 2023-08-08 16:59:16,237 - search_man: 'NoneType' object is not subscriptable (670)
WARNING - 2023-08-15 21:18:15,002 - chatting_text: Chat not found (781)
WARNING - 2023-08-15 21:18:46,473 - chatting_text: Chat not found (781)
WARNING - 2023-08-16 19:06:34,113 - rules: Message is not modified: specified new message content and reply markup are exactly the same as a current content and reply markup of the message (111)
WARNING - 2023-08-16 19:07:14,417 - search: Forbidden: bot was blocked by the user (574)
WARNING - 2023-08-16 23:22:35,600 - stop: Forbidden: bot was blocked by the user (766)
WARNING - 2023-08-16 23:22:37,596 - stop: Forbidden: bot was blocked by the user (766)
WARNING - 2023-08-16 23:22:44,482 - link: Forbidden: bot was blocked by the user (743)
WARNING - 2023-08-18 06:59:42,961 - search: server closed the connection unexpectedly
	This probably means the server terminated abnormally
	before or while processing the request.
 (574)
WARNING - 2023-08-29 19:33:15,573 - chatting_text: cursor already closed (781)
WARNING - 2023-08-29 19:33:18,237 - chatting_text: cursor already closed (781)
WARNING - 2023-08-30 21:40:15,219 - start: cursor already closed (61)
WARNING - 2023-09-02 13:44:47,075 - search_man: 'NoneType' object is not subscriptable (670)
WARNING - 2023-09-02 13:44:50,166 - search_woman: 'NoneType' object is not subscriptable (729)
WARNING - 2023-09-02 13:44:54,421 - search_man: 'NoneType' object is not subscriptable (670)
